# JRE version: OpenJDK Runtime Environment Temurin-21.0.9+10 (21.0.9+10) (build 21.0.9+10-LTS)
# Java VM: OpenJDK 64-Bit Server VM Temurin-21.0.9+10 (21.0.9+10-LTS, mixed mode, sharing, tiered, compressed oops, compressed class ptrs, parallel gc, windows-amd64)
GC Precious Log:
 CardTable entry size: 512
 CPUs: 8 total, 8 available
 Memory: 15665M
 Large Page Support: Disabled
 NUMA Support: Disabled
 Compressed Oops: Enabled (32-bit)
 Alignments: Space 512K, Generation 512K, Heap 2M
 Heap Min Capacity: 100M
 Heap Initial Capacity: 100M
 Heap Max Capacity: 2G
 Pre-touch: Disabled
 Parallel Workers: 8
Heap:
 PSYoungGen      total 6656K, used 6592K [0x00000000d5580000, 0x00000000d5e00000, 0x0000000100000000)
  eden space 5632K, 100% used [0x00000000d5580000,0x00000000d5b00000,0x00000000d5b00000)
  from space 1024K, 93% used [0x00000000d5b00000,0x00000000d5bf0020,0x00000000d5c00000)
  to   space 1536K, 0% used [0x00000000d5c80000,0x00000000d5c80000,0x00000000d5e00000)
 ParOldGen       total 1190400K, used 1015048K [0x0000000080000000, 0x00000000c8a80000, 0x00000000d5580000)
  object space 1190400K, 85% used [0x0000000080000000,0x00000000bdf42010,0x00000000c8a80000)
 Metaspace       used 90042K, committed 91712K, reserved 1179648K
  class space    used 8950K, committed 9792K, reserved 1048576K
GC Heap History (20 events):
Event: 4624.648 GC heap before
{Heap before GC invocations=6544 (full 6):
 PSYoungGen      total 4608K, used 4595K [0x00000000d5580000, 0x00000000d5c80000, 0x0000000100000000)
  eden space 4096K, 99% used [0x00000000d5580000,0x00000000d597ccf0,0x00000000d5980000)
  from space 512K, 100% used [0x00000000d5980000,0x00000000d5a00000,0x00000000d5a00000)
  to   space 1024K, 0% used [0x00000000d5b80000,0x00000000d5b80000,0x00000000d5c80000)
 ParOldGen       total 1190400K, used 999029K [0x0000000080000000, 0x00000000c8a80000, 0x00000000d5580000)
  object space 1190400K, 83% used [0x0000000080000000,0x00000000bcf9d540,0x00000000c8a80000)
 Metaspace       used 90031K, committed 91712K, reserved 1179648K
  class space    used 8950K, committed 9792K, reserved 1048576K
}
Event: 4624.651 GC heap after
{Heap after GC invocations=6544 (full 6):
 PSYoungGen      total 6144K, used 534K [0x00000000d5580000, 0x00000000d5c80000, 0x0000000100000000)
  eden space 5120K, 0% used [0x00000000d5580000,0x00000000d5580000,0x00000000d5a80000)
  from space 1024K, 52% used [0x00000000d5b80000,0x00000000d5c059d8,0x00000000d5c80000)
  to   space 1024K, 0% used [0x00000000d5a80000,0x00000000d5a80000,0x00000000d5b80000)
 ParOldGen       total 1190400K, used 1000982K [0x0000000080000000, 0x00000000c8a80000, 0x00000000d5580000)
  object space 1190400K, 84% used [0x0000000080000000,0x00000000bd185968,0x00000000c8a80000)
 Metaspace       used 90031K, committed 91712K, reserved 1179648K
  class space    used 8950K, committed 9792K, reserved 1048576K
}
Event: 4624.664 GC heap before
{Heap before GC invocations=6545 (full 6):
 PSYoungGen      total 6144K, used 5654K [0x00000000d5580000, 0x00000000d5c80000, 0x0000000100000000)
  eden space 5120K, 100% used [0x00000000d5580000,0x00000000d5a80000,0x00000000d5a80000)
  from space 1024K, 52% used [0x00000000d5b80000,0x00000000d5c059d8,0x00000000d5c80000)
  to   space 1024K, 0% used [0x00000000d5a80000,0x00000000d5a80000,0x00000000d5b80000)
 ParOldGen       total 1190400K, used 1000982K [0x0000000080000000, 0x00000000c8a80000, 0x00000000d5580000)
  object space 1190400K, 84% used [0x0000000080000000,0x00000000bd185968,0x00000000c8a80000)
 Metaspace       used 90031K, committed 91712K, reserved 1179648K
  class space    used 8950K, committed 9792K, reserved 1048576K
}
Event: 4624.665 GC heap after
{Heap after GC invocations=6545 (full 6):
 PSYoungGen      total 6144K, used 192K [0x00000000d5580000, 0x00000000d5c80000, 0x0000000100000000)
  eden space 5120K, 0% used [0x00000000d5580000,0x00000000d5580000,0x00000000d5a80000)
  from space 1024K, 18% used [0x00000000d5a80000,0x00000000d5ab0000,0x00000000d5b80000)
  to   space 512K, 0% used [0x00000000d5c00000,0x00000000d5c00000,0x00000000d5c80000)
 ParOldGen       total 1190400K, used 1001052K [0x0000000080000000, 0x00000000c8a80000, 0x00000000d5580000)
  object space 1190400K, 84% used [0x0000000080000000,0x00000000bd197258,0x00000000c8a80000)
 Metaspace       used 90031K, committed 91712K, reserved 1179648K
  class space    used 8950K, committed 9792K, reserved 1048576K
}
Event: 4624.671 GC heap before
{Heap before GC invocations=6546 (full 6):
 PSYoungGen      total 6144K, used 4942K [0x00000000d5580000, 0x00000000d5c80000, 0x0000000100000000)
  eden space 5120K, 92% used [0x00000000d5580000,0x00000000d5a23ac0,0x00000000d5a80000)
  from space 1024K, 18% used [0x00000000d5a80000,0x00000000d5ab0000,0x00000000d5b80000)
  to   space 512K, 0% used [0x00000000d5c00000,0x00000000d5c00000,0x00000000d5c80000)
 ParOldGen       total 1190400K, used 1001052K [0x0000000080000000, 0x00000000c8a80000, 0x00000000d5580000)
  object space 1190400K, 84% used [0x0000000080000000,0x00000000bd197258,0x00000000c8a80000)
 Metaspace       used 90031K, committed 91712K, reserved 1179648K
  class space    used 8950K, committed 9792K, reserved 1048576K
}
Event: 4624.675 GC heap after
{Heap after GC invocations=6546 (full 6):
 PSYoungGen      total 6144K, used 481K [0x00000000d5580000, 0x00000000d5d80000, 0x0000000100000000)
  eden space 5632K, 0% used [0x00000000d5580000,0x00000000d5580000,0x00000000d5b00000)
  from space 512K, 94% used [0x00000000d5c00000,0x00000000d5c785d8,0x00000000d5c80000)
  to   space 1024K, 0% used [0x00000000d5b00000,0x00000000d5b00000,0x00000000d5c00000)
 ParOldGen       total 1190400K, used 1002754K [0x0000000080000000, 0x00000000c8a80000, 0x00000000d5580000)
  object space 1190400K, 84% used [0x0000000080000000,0x00000000bd340858,0x00000000c8a80000)
 Metaspace       used 90031K, committed 91712K, reserved 1179648K
  class space    used 8950K, committed 9792K, reserved 1048576K
}
Event: 4624.680 GC heap before
{Heap before GC invocations=6547 (full 6):
 PSYoungGen      total 6144K, used 5415K [0x00000000d5580000, 0x00000000d5d80000, 0x0000000100000000)
  eden space 5632K, 87% used [0x00000000d5580000,0x00000000d5a516c0,0x00000000d5b00000)
  from space 512K, 94% used [0x00000000d5c00000,0x00000000d5c785d8,0x00000000d5c80000)
  to   space 1024K, 0% used [0x00000000d5b00000,0x00000000d5b00000,0x00000000d5c00000)
 ParOldGen       total 1190400K, used 1002754K [0x0000000080000000, 0x00000000c8a80000, 0x00000000d5580000)
  object space 1190400K, 84% used [0x0000000080000000,0x00000000bd340858,0x00000000c8a80000)
 Metaspace       used 90031K, committed 91712K, reserved 1179648K
  class space    used 8950K, committed 9792K, reserved 1048576K
}
Event: 4626.710 GC heap after
{Heap after GC invocations=6547 (full 6):
 PSYoungGen      total 6656K, used 832K [0x00000000d5580000, 0x00000000d5d80000, 0x0000000100000000)
  eden space 5632K, 0% used [0x00000000d5580000,0x00000000d5580000,0x00000000d5b00000)
  from space 1024K, 81% used [0x00000000d5b00000,0x00000000d5bd0000,0x00000000d5c00000)
  to   space 512K, 0% used [0x00000000d5c00000,0x00000000d5c00000,0x00000000d5c80000)
 ParOldGen       total 1190400K, used 1002930K [0x0000000080000000, 0x00000000c8a80000, 0x00000000d5580000)
  object space 1190400K, 84% used [0x0000000080000000,0x00000000bd36c858,0x00000000c8a80000)
 Metaspace       used 90031K, committed 91712K, reserved 1179648K
  class space    used 8950K, committed 9792K, reserved 1048576K
}
Event: 4626.717 GC heap before
{Heap before GC invocations=6548 (full 6):
 PSYoungGen      total 6656K, used 6256K [0x00000000d5580000, 0x00000000d5d80000, 0x0000000100000000)
  eden space 5632K, 96% used [0x00000000d5580000,0x00000000d5acc170,0x00000000d5b00000)
  from space 1024K, 81% used [0x00000000d5b00000,0x00000000d5bd0000,0x00000000d5c00000)
  to   space 512K, 0% used [0x00000000d5c00000,0x00000000d5c00000,0x00000000d5c80000)
 ParOldGen       total 1190400K, used 1002930K [0x0000000080000000, 0x00000000c8a80000, 0x00000000d5580000)
  object space 1190400K, 84% used [0x0000000080000000,0x00000000bd36c858,0x00000000c8a80000)
 Metaspace       used 90031K, committed 91712K, reserved 1179648K
  class space    used 8950K, committed 9792K, reserved 1048576K
}
Event: 4628.738 GC heap after
{Heap after GC invocations=6548 (full 6):
 PSYoungGen      total 6144K, used 496K [0x00000000d5580000, 0x00000000d5d80000, 0x0000000100000000)
  eden space 5632K, 0% used [0x00000000d5580000,0x00000000d5580000,0x00000000d5b00000)
  from space 512K, 96% used [0x00000000d5c00000,0x00000000d5c7c028,0x00000000d5c80000)
  to   space 1024K, 0% used [0x00000000d5b00000,0x00000000d5b00000,0x00000000d5c00000)
 ParOldGen       total 1190400K, used 1006883K [0x0000000080000000, 0x00000000c8a80000, 0x00000000d5580000)
  object space 1190400K, 84% used [0x0000000080000000,0x00000000bd748ce8,0x00000000c8a80000)
 Metaspace       used 90031K, committed 91712K, reserved 1179648K
  class space    used 8950K, committed 9792K, reserved 1048576K
}
Event: 4628.744 GC heap before
{Heap before GC invocations=6549 (full 6):
 PSYoungGen      total 6144K, used 6128K [0x00000000d5580000, 0x00000000d5d80000, 0x0000000100000000)
  eden space 5632K, 100% used [0x00000000d5580000,0x00000000d5b00000,0x00000000d5b00000)
  from space 512K, 96% used [0x00000000d5c00000,0x00000000d5c7c028,0x00000000d5c80000)
  to   space 1024K, 0% used [0x00000000d5b00000,0x00000000d5b00000,0x00000000d5c00000)
 ParOldGen       total 1190400K, used 1006883K [0x0000000080000000, 0x00000000c8a80000, 0x00000000d5580000)
  object space 1190400K, 84% used [0x0000000080000000,0x00000000bd748ce8,0x00000000c8a80000)
 Metaspace       used 90031K, committed 91712K, reserved 1179648K
  class space    used 8950K, committed 9792K, reserved 1048576K
}
Event: 4630.763 GC heap after
{Heap after GC invocations=6549 (full 6):
 PSYoungGen      total 6656K, used 896K [0x00000000d5580000, 0x00000000d5d80000, 0x0000000100000000)
  eden space 5632K, 0% used [0x00000000d5580000,0x00000000d5580000,0x00000000d5b00000)
  from space 1024K, 87% used [0x00000000d5b00000,0x00000000d5be0000,0x00000000d5c00000)
  to   space 512K, 0% used [0x00000000d5c00000,0x00000000d5c00000,0x00000000d5c80000)
 ParOldGen       total 1190400K, used 1007174K [0x0000000080000000, 0x00000000c8a80000, 0x00000000d5580000)
  object space 1190400K, 84% used [0x0000000080000000,0x00000000bd791b88,0x00000000c8a80000)
 Metaspace       used 90031K, committed 91712K, reserved 1179648K
  class space    used 8950K, committed 9792K, reserved 1048576K
}
Event: 4630.770 GC heap before
{Heap before GC invocations=6550 (full 6):
 PSYoungGen      total 6656K, used 6528K [0x00000000d5580000, 0x00000000d5d80000, 0x0000000100000000)
  eden space 5632K, 100% used [0x00000000d5580000,0x00000000d5b00000,0x00000000d5b00000)
  from space 1024K, 87% used [0x00000000d5b00000,0x00000000d5be0000,0x00000000d5c00000)
  to   space 512K, 0% used [0x00000000d5c00000,0x00000000d5c00000,0x00000000d5c80000)
 ParOldGen       total 1190400K, used 1007174K [0x0000000080000000, 0x00000000c8a80000, 0x00000000d5580000)
  object space 1190400K, 84% used [0x0000000080000000,0x00000000bd791b88,0x00000000c8a80000)
 Metaspace       used 90032K, committed 91712K, reserved 1179648K
  class space    used 8950K, committed 9792K, reserved 1048576K
}
Event: 4632.777 GC heap after
{Heap after GC invocations=6550 (full 6):
 PSYoungGen      total 6144K, used 512K [0x00000000d5580000, 0x00000000d5d80000, 0x0000000100000000)
  eden space 5632K, 0% used [0x00000000d5580000,0x00000000d5580000,0x00000000d5b00000)
  from space 512K, 100% used [0x00000000d5c00000,0x00000000d5c80000,0x00000000d5c80000)
  to   space 1024K, 0% used [0x00000000d5b00000,0x00000000d5b00000,0x00000000d5c00000)
 ParOldGen       total 1190400K, used 1009756K [0x0000000080000000, 0x00000000c8a80000, 0x00000000d5580000)
  object space 1190400K, 84% used [0x0000000080000000,0x00000000bda171d0,0x00000000c8a80000)
 Metaspace       used 90032K, committed 91712K, reserved 1179648K
  class space    used 8950K, committed 9792K, reserved 1048576K
}
Event: 4633.799 GC heap before
{Heap before GC invocations=6551 (full 6):
 PSYoungGen      total 6144K, used 6134K [0x00000000d5580000, 0x00000000d5d80000, 0x0000000100000000)
  eden space 5632K, 99% used [0x00000000d5580000,0x00000000d5afda58,0x00000000d5b00000)
  from space 512K, 100% used [0x00000000d5c00000,0x00000000d5c80000,0x00000000d5c80000)
  to   space 1024K, 0% used [0x00000000d5b00000,0x00000000d5b00000,0x00000000d5c00000)
 ParOldGen       total 1190400K, used 1009756K [0x0000000080000000, 0x00000000c8a80000, 0x00000000d5580000)
  object space 1190400K, 84% used [0x0000000080000000,0x00000000bda171d0,0x00000000c8a80000)
 Metaspace       used 90036K, committed 91712K, reserved 1179648K
  class space    used 8950K, committed 9792K, reserved 1048576K
}
Event: 4635.823 GC heap after
{Heap after GC invocations=6551 (full 6):
 PSYoungGen      total 6656K, used 352K [0x00000000d5580000, 0x00000000d5d80000, 0x0000000100000000)
  eden space 5632K, 0% used [0x00000000d5580000,0x00000000d5580000,0x00000000d5b00000)
  from space 1024K, 34% used [0x00000000d5b00000,0x00000000d5b58000,0x00000000d5c00000)
  to   space 512K, 0% used [0x00000000d5c00000,0x00000000d5c00000,0x00000000d5c80000)
 ParOldGen       total 1190400K, used 1013080K [0x0000000080000000, 0x00000000c8a80000, 0x00000000d5580000)
  object space 1190400K, 85% used [0x0000000080000000,0x00000000bdd56218,0x00000000c8a80000)
 Metaspace       used 90036K, committed 91712K, reserved 1179648K
  class space    used 8950K, committed 9792K, reserved 1048576K
}
Event: 4635.829 GC heap before
{Heap before GC invocations=6552 (full 6):
 PSYoungGen      total 6656K, used 5672K [0x00000000d5580000, 0x00000000d5d80000, 0x0000000100000000)
  eden space 5632K, 94% used [0x00000000d5580000,0x00000000d5ab21f8,0x00000000d5b00000)
  from space 1024K, 34% used [0x00000000d5b00000,0x00000000d5b58000,0x00000000d5c00000)
  to   space 512K, 0% used [0x00000000d5c00000,0x00000000d5c00000,0x00000000d5c80000)
 ParOldGen       total 1190400K, used 1013080K [0x0000000080000000, 0x00000000c8a80000, 0x00000000d5580000)
  object space 1190400K, 85% used [0x0000000080000000,0x00000000bdd56218,0x00000000c8a80000)
 Metaspace       used 90036K, committed 91712K, reserved 1179648K
  class space    used 8950K, committed 9792K, reserved 1048576K
}
Event: 4637.847 GC heap after
{Heap after GC invocations=6552 (full 6):
 PSYoungGen      total 6144K, used 480K [0x00000000d5580000, 0x00000000d5d80000, 0x0000000100000000)
  eden space 5632K, 0% used [0x00000000d5580000,0x00000000d5580000,0x00000000d5b00000)
  from space 512K, 93% used [0x00000000d5c00000,0x00000000d5c78018,0x00000000d5c80000)
  to   space 1024K, 0% used [0x00000000d5b00000,0x00000000d5b00000,0x00000000d5c00000)
 ParOldGen       total 1190400K, used 1014799K [0x0000000080000000, 0x00000000c8a80000, 0x00000000d5580000)
  object space 1190400K, 85% used [0x0000000080000000,0x00000000bdf03ff0,0x00000000c8a80000)
 Metaspace       used 90036K, committed 91712K, reserved 1179648K
  class space    used 8950K, committed 9792K, reserved 1048576K
}
Event: 4639.885 GC heap before
{Heap before GC invocations=6553 (full 6):
 PSYoungGen      total 6144K, used 6112K [0x00000000d5580000, 0x00000000d5d80000, 0x0000000100000000)
  eden space 5632K, 100% used [0x00000000d5580000,0x00000000d5b00000,0x00000000d5b00000)
  from space 512K, 93% used [0x00000000d5c00000,0x00000000d5c78018,0x00000000d5c80000)
  to   space 1024K, 0% used [0x00000000d5b00000,0x00000000d5b00000,0x00000000d5c00000)
 ParOldGen       total 1190400K, used 1014799K [0x0000000080000000, 0x00000000c8a80000, 0x00000000d5580000)
  object space 1190400K, 85% used [0x0000000080000000,0x00000000bdf03ff0,0x00000000c8a80000)
 Metaspace       used 90042K, committed 91712K, reserved 1179648K
  class space    used 8950K, committed 9792K, reserved 1048576K
}
Event: 4639.887 GC heap after
{Heap after GC invocations=6553 (full 6):
 PSYoungGen      total 6656K, used 960K [0x00000000d5580000, 0x00000000d5e00000, 0x0000000100000000)
  eden space 5632K, 0% used [0x00000000d5580000,0x00000000d5580000,0x00000000d5b00000)
  from space 1024K, 93% used [0x00000000d5b00000,0x00000000d5bf0020,0x00000000d5c00000)
  to   space 1536K, 0% used [0x00000000d5c80000,0x00000000d5c80000,0x00000000d5e00000)
 ParOldGen       total 1190400K, used 1015048K [0x0000000080000000, 0x00000000c8a80000, 0x00000000d5580000)
  object space 1190400K, 85% used [0x0000000080000000,0x00000000bdf42010,0x00000000c8a80000)
 Metaspace       used 90042K, committed 91712K, reserved 1179648K
  class space    used 8950K, committed 9792K, reserved 1048576K
}

